<?xml version="1.0" encoding="UTF-8"?>
<!-- Generated by org.testng.reporters.JUnitXMLReporter -->
<testsuite ignored="0" hostname="ThinkpadT430-PC" failures="0" tests="6" name="Default test" time="69.542" errors="0" timestamp="21 Sep 2020 23:13:32 GMT">
  <testcase classname="tests.GiftTest" name="buyYourself" time="3.962"/>
  <testcase classname="tests.GiftTest" name="cancelEngrave" time="0.656"/>
  <testcase classname="tests.GiftTest" name="saveEngrave" time="0.633"/>
  <testcase classname="tests.GiftTest" name="sendGift" time="4.045"/>
  <testcase classname="tests.GiftTest" name="verifyPrice" time="0.088"/>
  <testcase classname="tests.GiftTest" name="verifyTitle" time="0.031"/>
</testsuite> <!-- Default test -->
