<?xml version="1.0" encoding="UTF-8"?>
<testng-results ignored="0" total="6" passed="6" failed="0" skipped="0">
  <reporter-output>
  </reporter-output>
  <suite started-at="2020-09-21T23:12:23Z" name="Default suite" finished-at="2020-09-21T23:13:32Z" duration-ms="69542">
    <groups>
    </groups>
    <test started-at="2020-09-21T23:12:23Z" name="Default test" finished-at="2020-09-21T23:13:32Z" duration-ms="69542">
      <class name="tests.GiftTest">
        <test-method is-config="true" signature="beforeMethod()[pri:0, instance:tests.GiftTest@623a8092]" started-at="2020-09-21T23:12:23Z" name="beforeMethod" finished-at="2020-09-21T23:12:35Z" duration-ms="12295" status="PASS">
          <reporter-output>
          </reporter-output>
        </test-method> <!-- beforeMethod -->
        <test-method signature="buyYourself()[pri:0, instance:tests.GiftTest@623a8092]" started-at="2020-09-21T23:12:35Z" name="buyYourself" finished-at="2020-09-21T23:12:39Z" duration-ms="3962" status="PASS">
          <reporter-output>
          </reporter-output>
        </test-method> <!-- buyYourself -->
        <test-method is-config="true" signature="afterMethod()[pri:0, instance:tests.GiftTest@623a8092]" started-at="2020-09-21T23:12:39Z" name="afterMethod" finished-at="2020-09-21T23:12:40Z" duration-ms="945" status="PASS">
          <reporter-output>
          </reporter-output>
        </test-method> <!-- afterMethod -->
        <test-method is-config="true" signature="beforeMethod()[pri:0, instance:tests.GiftTest@623a8092]" started-at="2020-09-21T23:12:40Z" name="beforeMethod" finished-at="2020-09-21T23:12:49Z" duration-ms="9422" status="PASS">
          <reporter-output>
          </reporter-output>
        </test-method> <!-- beforeMethod -->
        <test-method signature="cancelEngrave()[pri:0, instance:tests.GiftTest@623a8092]" started-at="2020-09-21T23:12:49Z" name="cancelEngrave" finished-at="2020-09-21T23:12:50Z" duration-ms="656" status="PASS">
          <reporter-output>
          </reporter-output>
        </test-method> <!-- cancelEngrave -->
        <test-method is-config="true" signature="afterMethod()[pri:0, instance:tests.GiftTest@623a8092]" started-at="2020-09-21T23:12:50Z" name="afterMethod" finished-at="2020-09-21T23:12:51Z" duration-ms="943" status="PASS">
          <reporter-output>
          </reporter-output>
        </test-method> <!-- afterMethod -->
        <test-method is-config="true" signature="beforeMethod()[pri:0, instance:tests.GiftTest@623a8092]" started-at="2020-09-21T23:12:51Z" name="beforeMethod" finished-at="2020-09-21T23:12:59Z" duration-ms="7898" status="PASS">
          <reporter-output>
          </reporter-output>
        </test-method> <!-- beforeMethod -->
        <test-method signature="saveEngrave()[pri:0, instance:tests.GiftTest@623a8092]" started-at="2020-09-21T23:12:59Z" name="saveEngrave" finished-at="2020-09-21T23:12:59Z" duration-ms="633" status="PASS">
          <reporter-output>
          </reporter-output>
        </test-method> <!-- saveEngrave -->
        <test-method is-config="true" signature="afterMethod()[pri:0, instance:tests.GiftTest@623a8092]" started-at="2020-09-21T23:12:59Z" name="afterMethod" finished-at="2020-09-21T23:13:00Z" duration-ms="935" status="PASS">
          <reporter-output>
          </reporter-output>
        </test-method> <!-- afterMethod -->
        <test-method is-config="true" signature="beforeMethod()[pri:0, instance:tests.GiftTest@623a8092]" started-at="2020-09-21T23:13:00Z" name="beforeMethod" finished-at="2020-09-21T23:13:09Z" duration-ms="8210" status="PASS">
          <reporter-output>
          </reporter-output>
        </test-method> <!-- beforeMethod -->
        <test-method signature="sendGift()[pri:0, instance:tests.GiftTest@623a8092]" started-at="2020-09-21T23:13:09Z" name="sendGift" finished-at="2020-09-21T23:13:13Z" duration-ms="4045" status="PASS">
          <reporter-output>
          </reporter-output>
        </test-method> <!-- sendGift -->
        <test-method is-config="true" signature="afterMethod()[pri:0, instance:tests.GiftTest@623a8092]" started-at="2020-09-21T23:13:13Z" name="afterMethod" finished-at="2020-09-21T23:13:14Z" duration-ms="1144" status="PASS">
          <reporter-output>
          </reporter-output>
        </test-method> <!-- afterMethod -->
        <test-method is-config="true" signature="beforeMethod()[pri:0, instance:tests.GiftTest@623a8092]" started-at="2020-09-21T23:13:14Z" name="beforeMethod" finished-at="2020-09-21T23:13:22Z" duration-ms="7952" status="PASS">
          <reporter-output>
          </reporter-output>
        </test-method> <!-- beforeMethod -->
        <test-method signature="verifyPrice()[pri:0, instance:tests.GiftTest@623a8092]" started-at="2020-09-21T23:13:22Z" name="verifyPrice" finished-at="2020-09-21T23:13:22Z" duration-ms="88" status="PASS">
          <reporter-output>
          </reporter-output>
        </test-method> <!-- verifyPrice -->
        <test-method is-config="true" signature="afterMethod()[pri:0, instance:tests.GiftTest@623a8092]" started-at="2020-09-21T23:13:22Z" name="afterMethod" finished-at="2020-09-21T23:13:23Z" duration-ms="1116" status="PASS">
          <reporter-output>
          </reporter-output>
        </test-method> <!-- afterMethod -->
        <test-method is-config="true" signature="beforeMethod()[pri:0, instance:tests.GiftTest@623a8092]" started-at="2020-09-21T23:13:23Z" name="beforeMethod" finished-at="2020-09-21T23:13:31Z" duration-ms="8247" status="PASS">
          <reporter-output>
          </reporter-output>
        </test-method> <!-- beforeMethod -->
        <test-method signature="verifyTitle()[pri:0, instance:tests.GiftTest@623a8092]" started-at="2020-09-21T23:13:31Z" name="verifyTitle" finished-at="2020-09-21T23:13:31Z" duration-ms="31" status="PASS">
          <reporter-output>
          </reporter-output>
        </test-method> <!-- verifyTitle -->
        <test-method is-config="true" signature="afterMethod()[pri:0, instance:tests.GiftTest@623a8092]" started-at="2020-09-21T23:13:31Z" name="afterMethod" finished-at="2020-09-21T23:13:32Z" duration-ms="971" status="PASS">
          <reporter-output>
          </reporter-output>
        </test-method> <!-- afterMethod -->
      </class> <!-- tests.GiftTest -->
    </test> <!-- Default test -->
  </suite> <!-- Default suite -->
</testng-results>
